C:\lscc\diamond\3.11_x64\synpbase\bin64\c_vhdl.exe  -osyn  C:\Users\Cyprien\Documents\GIT\PGE\05_CustumerRelationship\GenVideo\Diamond1.4\A\synwork\Ext10GenDvi_A_hdl_.srs  -top  TestVideoTop  -prodtype  synplify_pro  -dspmac -fixsmult -infer_seqShift -nram -sdff_counter -divnmod -nostructver  -encrypt  -pro  -dmgen  C:\Users\Cyprien\Documents\GIT\PGE\05_CustumerRelationship\GenVideo\Diamond1.4\A\dm  -lite -ui -fid2 -ram -sharing on -ll 2000 -autosm  -ignore_undefined_lib  -lib work C:\lscc\diamond\3.11_x64\cae_library\synthesis\vhdl\ecp3.vhd -lib work C:\Users\Cyprien\Documents\GIT\PGE\05_CustumerRelationship\GenVideo\VHDL\TestVideoTop.vhd -lib work C:\Users\Cyprien\Documents\GIT\PGE\05_CustumerRelationship\GenVideo\VHDL\I2cMasterCommands.vhd -lib work C:\Users\Cyprien\Documents\GIT\PGE\05_CustumerRelationship\GenVideo\VHDL\I2CMasterDevice.vhd -lib work C:\Users\Cyprien\Documents\GIT\PGE\05_CustumerRelationship\GenVideo\VHDL\Forth120719\VHDL\ep32Tss.vhd -lib work C:\Users\Cyprien\Documents\GIT\PGE\05_CustumerRelationship\GenVideo\VHDL\Forth120719\VHDL\Forth.vhd -lib work C:\Users\Cyprien\Documents\GIT\PGE\05_CustumerRelationship\GenVideo\VHDL\Forth120719\VHDL\Rx.vhd -lib work C:\Users\Cyprien\Documents\GIT\PGE\05_CustumerRelationship\GenVideo\VHDL\Forth120719\VHDL\Tx.vhd -lib work C:\Users\Cyprien\Documents\GIT\PGE\05_CustumerRelationship\GenVideo\VHDL\Forth120719\VHDL\UartTss.vhd -lib work C:\Users\Cyprien\Documents\GIT\PGE\05_CustumerRelationship\GenVideo\VHDL\SeqBlk1204.vhd -lib work C:\Users\Cyprien\Documents\GIT\PGE\05_CustumerRelationship\GenVideo\IpxLpc\Pll125to100x50.vhd -lib work C:\Users\Cyprien\Documents\GIT\PGE\05_CustumerRelationship\GenVideo\VHDL\Dvi410\Dvi410Cnt.vhd -lib work C:\Users\Cyprien\Documents\GIT\PGE\05_CustumerRelationship\GenVideo\VHDL\Dvi410\Dvi410Conf.vhd -lib work C:\Users\Cyprien\Documents\GIT\PGE\05_CustumerRelationship\GenVideo\VHDL\Dvi410\Dvi410Main.vhd -lib work "C:\Users\Cyprien\Documents\GIT\PGE\05_CustumerRelationship\GenVideo\VHDL\Dvi410\Dv i410Request.vhd" -lib work C:\Users\Cyprien\Documents\GIT\PGE\05_CustumerRelationship\GenVideo\VHDL\Dvi410\Dvi410Sync.vhd -lib work C:\Users\Cyprien\Documents\GIT\PGE\05_CustumerRelationship\GenVideo\VHDL\Dvi410\Dvi410Timing.vhd  -log  C:\Users\Cyprien\Documents\GIT\PGE\05_CustumerRelationship\GenVideo\Diamond1.4\A\syntax.log  -fileorder  C:\Users\Cyprien\Documents\GIT\PGE\05_CustumerRelationship\GenVideo\Diamond1.4\A\syntmp\hdlorder.tcl  -jobname  "hdl_info_gen" 
relcom:..\..\..\..\..\..\..\..\..\..\lscc\diamond\3.11_x64\synpbase\bin64\c_vhdl.exe -osyn ..\synwork\Ext10GenDvi_A_hdl_.srs -top TestVideoTop -prodtype synplify_pro -dspmac -fixsmult -infer_seqShift -nram -sdff_counter -divnmod -nostructver -encrypt -pro -dmgen ..\dm -lite -ui -fid2 -ram -sharing on -ll 2000 -autosm -ignore_undefined_lib -lib work ..\..\..\..\..\..\..\..\..\..\lscc\diamond\3.11_x64\cae_library\synthesis\vhdl\ecp3.vhd -lib work ..\..\..\VHDL\TestVideoTop.vhd -lib work ..\..\..\VHDL\I2cMasterCommands.vhd -lib work ..\..\..\VHDL\I2CMasterDevice.vhd -lib work ..\..\..\VHDL\Forth120719\VHDL\ep32Tss.vhd -lib work ..\..\..\VHDL\Forth120719\VHDL\Forth.vhd -lib work ..\..\..\VHDL\Forth120719\VHDL\Rx.vhd -lib work ..\..\..\VHDL\Forth120719\VHDL\Tx.vhd -lib work ..\..\..\VHDL\Forth120719\VHDL\UartTss.vhd -lib work ..\..\..\VHDL\SeqBlk1204.vhd -lib work ..\..\..\IpxLpc\Pll125to100x50.vhd -lib work ..\..\..\VHDL\Dvi410\Dvi410Cnt.vhd -lib work ..\..\..\VHDL\Dvi410\Dvi410Conf.vhd -lib work ..\..\..\VHDL\Dvi410\Dvi410Main.vhd -lib work "C:\Users\Cyprien\Documents\GIT\PGE\05_CustumerRelationship\GenVideo\VHDL\Dvi410\Dv i410Request.vhd" -lib work ..\..\..\VHDL\Dvi410\Dvi410Sync.vhd -lib work ..\..\..\VHDL\Dvi410\Dvi410Timing.vhd -log ..\syntax.log -fileorder hdlorder.tcl -jobname "hdl_info_gen"
rc:0 success:1 runtime:1
file:..\synwork\Ext10GenDvi_A_hdl_.srs|io:o|time:0|size:-1|exec:0|csum:
file:..\..\..\..\..\..\..\..\..\..\lscc\diamond\3.11_x64\cae_library\synthesis\vhdl\ecp3.vhd|io:i|time:1542241930|size:196741|exec:0|csum:E34DA525EA0082AB2F0D3F5F81F24F0D
file:..\..\..\VHDL\TestVideoTop.vhd|io:i|time:1608238246|size:9483|exec:0|csum:1C898BE66EB6EF35B7A6015C7DEAD109
file:..\..\..\VHDL\I2cMasterCommands.vhd|io:i|time:1608214100|size:9307|exec:0|csum:CD1447FCEE95B082D5F090BB72A8D057
file:..\..\..\VHDL\I2CMasterDevice.vhd|io:i|time:1608214100|size:6234|exec:0|csum:BDDF9B8651091B688930CA796E4E5876
file:..\..\..\VHDL\Forth120719\VHDL\ep32Tss.vhd|io:i|time:1608214100|size:14417|exec:0|csum:63FBB5FA3D5C5D51328CFEB2DBAA19F3
file:..\..\..\VHDL\Forth120719\VHDL\Forth.vhd|io:i|time:1608214100|size:9055|exec:0|csum:993CC0910871A35B618D590928C260F5
file:..\..\..\VHDL\Forth120719\VHDL\Rx.vhd|io:i|time:1608214100|size:4293|exec:0|csum:A0DB4093139556BE19AA475655D36B09
file:..\..\..\VHDL\Forth120719\VHDL\Tx.vhd|io:i|time:1608214100|size:3394|exec:0|csum:A5DF6D82260352634D4F40C180D55FB6
file:..\..\..\VHDL\Forth120719\VHDL\UartTss.vhd|io:i|time:1608214100|size:2279|exec:0|csum:C451123498143FF6A5C4172A06FA0E28
file:..\..\..\VHDL\SeqBlk1204.vhd|io:i|time:1608214100|size:7074|exec:0|csum:38342543F63FF7AC2D539AB13097B971
file:..\..\..\IpxLpc\Pll125to100x50.vhd|io:i|time:1608238158|size:4165|exec:0|csum:E932813EDD959BFC9C73FBF6A76A59E2
file:..\..\..\VHDL\Dvi410\Dvi410Cnt.vhd|io:i|time:1608214100|size:1111|exec:0|csum:F1E9DAA4F4C5DBB65C006914710112A9
file:..\..\..\VHDL\Dvi410\Dvi410Conf.vhd|io:i|time:1608214100|size:27391|exec:0|csum:38703556F66E6D274D9DD8B0B112AD60
file:..\..\..\VHDL\Dvi410\Dvi410Main.vhd|io:i|time:1608214100|size:5624|exec:0|csum:76F24EEFCBAF471AFF0B1614A39C13FD
file:..\..\..\VHDL\Dvi410\Dv i410Request.vhd|io:i|time:1608214100|size:2018|exec:0|csum:646B1E9F6CFE746926012F59496F895E
file:..\..\..\VHDL\Dvi410\Dvi410Sync.vhd|io:i|time:1608214100|size:1598|exec:0|csum:F6AE986CF02487085BE2504FB1784C88
file:..\..\..\VHDL\Dvi410\Dvi410Timing.vhd|io:i|time:1608214100|size:1103|exec:0|csum:76D222FE8EDD4E006806C0EF68FFA614
file:..\syntax.log|io:o|time:1608238306|size:1426|exec:0|csum:
file:..\..\..\..\..\..\..\..\..\..\lscc\diamond\3.11_x64\synpbase\bin64\c_vhdl.exe|io:i|time:1554106868|size:5997056|exec:1|csum:DAAAD176B5AB08B7BBDB4E321AED1C72
