
Copyright (C) 1994-2018 Synopsys, Inc.
This Synopsys software and all associated documentation are proprietary to Synopsys, Inc.
and may only be used pursuant to the terms and conditions of a written license agreement
with Synopsys, Inc. All other use, reproduction, modification, or distribution of the
Synopsys software or the associated documentation is strictly prohibited.
Tool: Synplify Pro (R)
Build: N-2018.03L-SP1-1
Install: C:\lscc\diamond\3.11_x64\synpbase
OS: Windows 6.2

Hostname: DESKTOP-0QV9UDN

Implementation : A
Synopsys HDL compiler and linker, Version comp2018q2p1, Build 461R, Built Apr  1 2019 09:17:43

Modified Files: 1
FID:  path (prevtimestamp, timestamp)
0        C:\Users\Cyprien\Documents\GIT\PGE\05_CustumerRelationship\Xfr403410\IpxLpc\Pll125to50.vhd (2020-12-17 15:33:50, 2020-12-17 15:55:54)

*******************************************************************
Modules that may have changed as a result of file changes: 0
MID:  lib.cell.view

*******************************************************************
Unmodified files: 20
FID:  path (timestamp)
1        C:\Users\Cyprien\Documents\GIT\PGE\05_CustumerRelationship\Xfr403410\VHDL\CopyVideoTop.vhd (2020-12-17 15:48:43)
2        C:\Users\Cyprien\Documents\GIT\PGE\05_CustumerRelationship\Xfr403410\VHDL\Forth120719\VHDL\Forth.vhd (2020-12-17 15:08:20)
3        C:\Users\Cyprien\Documents\GIT\PGE\05_CustumerRelationship\Xfr403410\VHDL\Forth120719\VHDL\Rx.vhd (2020-12-17 15:08:20)
4        C:\Users\Cyprien\Documents\GIT\PGE\05_CustumerRelationship\Xfr403410\VHDL\Forth120719\VHDL\Tx.vhd (2020-12-17 15:08:20)
5        C:\Users\Cyprien\Documents\GIT\PGE\05_CustumerRelationship\Xfr403410\VHDL\Forth120719\VHDL\UartTss.vhd (2020-12-17 15:08:20)
6        C:\Users\Cyprien\Documents\GIT\PGE\05_CustumerRelationship\Xfr403410\VHDL\Forth120719\VHDL\ep32Tss.vhd (2020-12-17 15:08:20)
7        C:\Users\Cyprien\Documents\GIT\PGE\05_CustumerRelationship\Xfr403410\VHDL\I2CMasterDevice.vhd (2020-12-17 15:08:21)
8        C:\Users\Cyprien\Documents\GIT\PGE\05_CustumerRelationship\Xfr403410\VHDL\I2cMasterCommands.vhd (2020-12-17 15:41:19)
9        C:\Users\Cyprien\Documents\GIT\PGE\05_CustumerRelationship\Xfr403410\VHDL\SeqBlk1204.vhd (2020-12-17 15:08:21)
10       C:\lscc\diamond\3.11_x64\cae_library\synthesis\vhdl\ecp3.vhd (2018-11-15 01:32:10)
11       C:\lscc\diamond\3.11_x64\synpbase\lib\vhd\arith.vhd (2019-04-01 10:07:44)
12       C:\lscc\diamond\3.11_x64\synpbase\lib\vhd\hyperents.vhd (2019-04-01 10:07:44)
13       C:\lscc\diamond\3.11_x64\synpbase\lib\vhd\location.map (2019-04-01 15:38:28)
14       C:\lscc\diamond\3.11_x64\synpbase\lib\vhd\misc.vhd (2019-04-01 10:07:44)
15       C:\lscc\diamond\3.11_x64\synpbase\lib\vhd\numeric.vhd (2019-04-01 10:07:44)
16       C:\lscc\diamond\3.11_x64\synpbase\lib\vhd\snps_haps_pkg.vhd (2019-04-01 10:07:44)
17       C:\lscc\diamond\3.11_x64\synpbase\lib\vhd\std.vhd (2019-04-01 10:07:44)
18       C:\lscc\diamond\3.11_x64\synpbase\lib\vhd\std1164.vhd (2019-04-01 10:07:44)
19       C:\lscc\diamond\3.11_x64\synpbase\lib\vhd\umr_capim.vhd (2019-04-01 10:07:44)
20       C:\lscc\diamond\3.11_x64\synpbase\lib\vhd\unsigned.vhd (2019-04-01 10:07:44)

*******************************************************************
Unchanged modules: 0
MID:  lib.cell.view
