Resource Usage Report
Part: lfxp2_17e-5

Register bits: 940 of 16560 (6%)
PIC Latch:       0
I/O cells:       34

Details:
BB:             1
CCU2B:          326
DPR16X4B:       36
FD1P3AX:        343
FD1P3IX:        160
FD1P3JX:        5
FD1S3AX:        255
FD1S3AY:        1
FD1S3DX:        33
FD1S3IX:        111
FD1S3JX:        1
GSR:            1
IB:             2
IFS1P3DX:       2
INV:            10
L6MUX21:        4
OB:             31
OFS1P3DX:       27
OFS1P3JX:       2
ORCALUT4:       2246
PFUMX:          142
PUR:            1
VHI:            1
VLO:            1
false:          16
true:           16
