
Copyright (C) 1994-2018 Synopsys, Inc.
This Synopsys software and all associated documentation are proprietary to Synopsys, Inc.
and may only be used pursuant to the terms and conditions of a written license agreement
with Synopsys, Inc. All other use, reproduction, modification, or distribution of the
Synopsys software or the associated documentation is strictly prohibited.
Tool: Synplify Pro (R)
Build: N-2018.03L-SP1-1
Install: C:\lscc\diamond\3.11_x64\synpbase
OS: Windows 6.2

Hostname: DESKTOP-0QV9UDN

Implementation : A

# Written on Thu Dec 17 21:51:57 2020

##### FILES SYNTAX CHECKED ##############################################
Constraint File(s):      (none)

#Run constraint checker to find more issues with constraints.
#########################################################################



No issues found in constraint syntax.



Clock Summary
*************

          Start                                   Requested     Requested     Clock        Clock                   Clock
Level     Clock                                   Frequency     Period        Type         Group                   Load 
------------------------------------------------------------------------------------------------------------------------
0 -       System                                  200.0 MHz     5.000         system       system_clkgroup         0    
                                                                                                                        
0 -       Pll125to100x50|CLKOK_inferred_clock     200.0 MHz     5.000         inferred     Inferred_clkgroup_1     712  
                                                                                                                        
0 -       Pll125to100x50|CLKOP_inferred_clock     200.0 MHz     5.000         inferred     Inferred_clkgroup_0     225  
========================================================================================================================


Clock Load Summary
******************

                                        Clock     Source                            Clock Pin          Non-clock Pin     Non-clock Pin         
Clock                                   Load      Pin                               Seq Example        Seq Example       Comb Example          
-----------------------------------------------------------------------------------------------------------------------------------------------
System                                  0         -                                 -                  -                 -                     
                                                                                                                                               
Pll125to100x50|CLKOK_inferred_clock     712       uPll.PLLInst_0.CLKOK(EHXPLLF)     RdLen[7:0].C       -                 uForth.m_clk.I[0](inv)
                                                                                                                                               
Pll125to100x50|CLKOP_inferred_clock     225       uPll.PLLInst_0.CLKOP(EHXPLLF)     DviDat[23:0].C     -                 -                     
===============================================================================================================================================
