Running in Lattice mode

Starting:    C:\lscc\diamond\3.11_x64\synpbase\bin64\mbin\synbatch.exe
Install:     C:\lscc\diamond\3.11_x64\synpbase
Hostname:    DESKTOP-0QV9UDN
Date:        Thu Dec 17 21:51:45 2020
Version:     N-2018.03L-SP1-1

Arguments:   -product synplify_pro -batch Ext10GenDvi_A_synplify.tcl
ProductType: synplify_pro




log file: "C:\Users\Cyprien\Documents\GIT\PGE\05_CustumerRelationship\GenVideo\Diamond1.4\A\Ext10GenDvi_A.srr"
Running: hdl_info_gen in foreground

Generating HDL info...

hdl_info_gen completed
# Thu Dec 17 21:51:46 2020

Return Code: 0
Run Time:00h:00m:01s
log file: "C:\Users\Cyprien\Documents\GIT\PGE\05_CustumerRelationship\GenVideo\Diamond1.4\A\Ext10GenDvi_A.srr"
Running: A in foreground

Running proj_1|A

Running Flow: compile (Compile) on proj_1|A
# Thu Dec 17 21:51:46 2020

Running Flow: compile_flow (Compile Process) on proj_1|A
# Thu Dec 17 21:51:46 2020

Running: compiler (Compile Input) on proj_1|A
# Thu Dec 17 21:51:46 2020
Copied C:\Users\Cyprien\Documents\GIT\PGE\05_CustumerRelationship\GenVideo\Diamond1.4\A\synwork\Ext10GenDvi_A_comp.srs to C:\Users\Cyprien\Documents\GIT\PGE\05_CustumerRelationship\GenVideo\Diamond1.4\A\Ext10GenDvi_A.srs

compiler completed
# Thu Dec 17 21:51:56 2020

Return Code: 0
Run Time:00h:00m:10s

Running: multi_srs_gen (Multi-srs Generator) on proj_1|A
# Thu Dec 17 21:51:56 2020

multi_srs_gen completed
# Thu Dec 17 21:51:57 2020

Return Code: 0
Run Time:00h:00m:01s
Copied C:\Users\Cyprien\Documents\GIT\PGE\05_CustumerRelationship\GenVideo\Diamond1.4\A\synwork\Ext10GenDvi_A_mult.srs to C:\Users\Cyprien\Documents\GIT\PGE\05_CustumerRelationship\GenVideo\Diamond1.4\A\Ext10GenDvi_A.srs
Copied C:\Users\Cyprien\Documents\GIT\PGE\05_CustumerRelationship\GenVideo\Diamond1.4\A\Ext10GenDvi_A.srr to C:\Users\Cyprien\Documents\GIT\PGE\05_CustumerRelationship\GenVideo\Diamond1.4\A\Ext10GenDvi_A.srf
Complete: Compile Process on proj_1|A

Running: premap (Premap) on proj_1|A
# Thu Dec 17 21:51:57 2020

premap completed with warnings
# Thu Dec 17 21:51:59 2020

Return Code: 1
Run Time:00h:00m:02s
Complete: Compile on proj_1|A

Running Flow: map (Map) on proj_1|A
# Thu Dec 17 21:51:59 2020
License granted for 4 parallel jobs

Running: fpga_mapper (Map & Optimize) on proj_1|A
# Thu Dec 17 21:51:59 2020
Copied C:\Users\Cyprien\Documents\GIT\PGE\05_CustumerRelationship\GenVideo\Diamond1.4\A\synwork\Ext10GenDvi_A_m.srm to C:\Users\Cyprien\Documents\GIT\PGE\05_CustumerRelationship\GenVideo\Diamond1.4\A\Ext10GenDvi_A.srm

fpga_mapper completed with warnings
# Thu Dec 17 21:52:35 2020

Return Code: 1
Run Time:00h:00m:36s
Complete: Map on proj_1|A
Copied C:\Users\Cyprien\Documents\GIT\PGE\05_CustumerRelationship\GenVideo\Diamond1.4\A\Ext10GenDvi_A.srr to C:\Users\Cyprien\Documents\GIT\PGE\05_CustumerRelationship\GenVideo\Diamond1.4\A\Ext10GenDvi_A.srf
Complete: Logic Synthesis on proj_1|A
TCL script complete: "Ext10GenDvi_A_synplify.tcl"
exit status=0
exit status=0
Save changes for project:
C:\Users\Cyprien\Documents\GIT\PGE\05_CustumerRelationship\GenVideo\Diamond1.4\A\proj_1.prj
batch mode default:no
