
Copyright (C) 1994-2018 Synopsys, Inc.
This Synopsys software and all associated documentation are proprietary to Synopsys, Inc.
and may only be used pursuant to the terms and conditions of a written license agreement
with Synopsys, Inc. All other use, reproduction, modification, or distribution of the
Synopsys software or the associated documentation is strictly prohibited.
Tool: Synplify Pro (R)
Build: N-2018.03L-SP1-1
Install: C:\lscc\diamond\3.11_x64\synpbase
OS: Windows 6.2

Hostname: DESKTOP-0QV9UDN

Implementation : A
Synopsys VHDL Compiler, Version comp2018q2p1, Build 461R, Built Apr  1 2019 09:17:43

@N|Running in 64-bit mode
@N:"C:\Users\Cyprien\Documents\GIT\PGE\05_CustumerRelationship\ProjetsDiamonds\GenVideo\VHDL\TestVideoTop.vhd":13:7:13:18|Top entity is set to TestVideoTop.
@W: CD643 :"C:/Users/Cyprien/Documents/GIT/PGE/05_CustumerRelationship/ProjetsDiamonds/GenVideo/VHDL/I2cMasterCommands.vhd":6:27:6:27|Ignoring use clause - pmi_components not found ...
@W: CD645 :"C:/Users/Cyprien/Documents/GIT/PGE/05_CustumerRelationship/ProjetsDiamonds/GenVideo/VHDL/I2cMasterCommands.vhd":7:8:7:15|Ignoring undefined library pmi_work

At c_vhdl Exit (Real Time elapsed 0h:00m:00s; CPU Time elapsed 0h:00m:00s; Memory used current: 72MB peak: 74MB)

Process took 0h:00m:01s realtime, 0h:00m:01s cputime

Process completed successfully.
# Wed Jan  6 16:31:57 2021

###########################################################]
