
trce -f "Xfr403410_A.pt" -o "Xfr403410_A.twr" "Xfr403410_A.ncd" "Xfr403410_A.prf"
trce:  version Diamond_1.4_Production (87)
Copyright (c) 1991-1994 by NeoCAD Inc. All rights reserved.
     Copyright (c) 1995 AT&T Corp.   All rights reserved.
     Copyright (c) 1995-2001 Lucent Technologies Inc.  All rights reserved.
     Copyright (c) 2001 Agere Systems   All rights reserved.
     Copyright (c) 2002-2011 Lattice Semiconductor Corporation,  All rights reserved.

Loading design for application trce from file Xfr403410_A.ncd.
Design name: CopyVideoTop
NCD version: 3.2
Vendor:      LATTICE
Device:      LFXP2-17E
Package:     PQFP208
Performance: 5
Loading device for application trce from file 'mg5a50x47.nph' in environment: /usr/local/diamond/1.4/ispfpga.
Package Status:                     Final          Version 1.63
Performance Hardware Data Status:   Final          Version 10.6
Setup and Hold Report

--------------------------------------------------------------------------------
Lattice TRACE Report - Setup, Version Diamond_1.4_Production (87)
Tue Jul 24 12:05:26 2012

Copyright (c) 1991-1994 by NeoCAD Inc. All rights reserved.
Copyright (c) 1995 AT&T Corp.   All rights reserved.
Copyright (c) 1995-2001 Lucent Technologies Inc.  All rights reserved.
Copyright (c) 2001 Agere Systems   All rights reserved.
Copyright (c) 2002-2011 Lattice Semiconductor Corporation,  All rights reserved.

Report Information
------------------
Command line:    trce -v 10 -gt -sethld -sp 5 -sphld m -o Xfr403410_A.twr Xfr403410_A.ncd Xfr403410_A.prf 
Design file:     Xfr403410_A.ncd
Preference file: Xfr403410_A.prf
Device,speed:    LFXP2-17E,5
Report level:    verbose report, limited to 10 items per preference
--------------------------------------------------------------------------------

BLOCK ASYNCPATHS
BLOCK RESETPATHS
BLOCK INTERCLOCKDOMAIN PATHS
--------------------------------------------------------------------------------



Timing summary (Setup):
---------------

Timing errors: 1  Score: 640
Cumulative negative slack: 320

Constraints cover 1006272 paths, 49 nets, and 9631 connections (90.3% coverage)

--------------------------------------------------------------------------------
Lattice TRACE Report - Hold, Version Diamond_1.4_Production (87)
Tue Jul 24 12:05:26 2012

Copyright (c) 1991-1994 by NeoCAD Inc. All rights reserved.
Copyright (c) 1995 AT&T Corp.   All rights reserved.
Copyright (c) 1995-2001 Lucent Technologies Inc.  All rights reserved.
Copyright (c) 2001 Agere Systems   All rights reserved.
Copyright (c) 2002-2011 Lattice Semiconductor Corporation,  All rights reserved.

Report Information
------------------
Command line:    trce -v 10 -gt -sethld -sp 5 -sphld m -o Xfr403410_A.twr Xfr403410_A.ncd Xfr403410_A.prf 
Design file:     Xfr403410_A.ncd
Preference file: Xfr403410_A.prf
Device,speed:    LFXP2-17E,m
Report level:    verbose report, limited to 10 items per preference
--------------------------------------------------------------------------------

BLOCK ASYNCPATHS
BLOCK RESETPATHS
BLOCK INTERCLOCKDOMAIN PATHS
--------------------------------------------------------------------------------



Timing summary (Hold):
---------------

Timing errors: 0  Score: 0
Cumulative negative slack: 0

Constraints cover 1006272 paths, 49 nets, and 9631 connections (90.3% coverage)



Timing summary (Setup and Hold):
---------------

Timing errors: 1 (setup), 0 (hold)
Score: 640 (setup), 0 (hold)
Cumulative negative slack: 320 (320+0)
--------------------------------------------------------------------------------

--------------------------------------------------------------------------------

Total time: 11 secs 
