/usr/local/diamond/1.4/synpbase/bin/c_vhdl  -osyn  /media/nfs/partage/Design/ProjetsEnCours/TACHYSSEMA/Extension/Ext09_Ext10/FW/Ext10/GenVideo/Diamond1.4/A/synwork/Ext10GenDvi_A_hdl_info_gen.srs  -fixsmult -infer_seqShift -nram -divnmod -encrypt  -pro  -dmgen  /media/nfs/partage/Design/ProjetsEnCours/TACHYSSEMA/Extension/Ext09_Ext10/FW/Ext10/GenVideo/Diamond1.4/A/dm  -lite -ll 2000 -compiler_compatible  -ui -fid2 -ram -sharing on  -autosm -ignore_undefined_lib  -lib work /usr/local/diamond/1.4/cae_library/synthesis/vhdl/xp2.vhd -lib work /media/nfs/partage/Design/ProjetsEnCours/TACHYSSEMA/Extension/Ext09_Ext10/FW/Ext10/GenVideo/VHDL/TestVideoTop.vhd -lib work /media/nfs/partage/Design/ProjetsEnCours/TACHYSSEMA/Extension/Ext09_Ext10/FW/Ext10/GenVideo/VHDL/I2cMasterCommands.vhd -lib work /media/nfs/partage/Design/ProjetsEnCours/TACHYSSEMA/Extension/Ext09_Ext10/FW/Ext10/GenVideo/VHDL/I2CMasterDevice.vhd -lib work /media/nfs/partage/Design/ProjetsEnCours/TACHYSSEMA/Extension/Ext09_Ext10/FW/Ext10/GenVideo/VHDL/Forth120719/VHDL/ep32Tss.vhd -lib work /media/nfs/partage/Design/ProjetsEnCours/TACHYSSEMA/Extension/Ext09_Ext10/FW/Ext10/GenVideo/VHDL/Forth120719/VHDL/Forth.vhd -lib work /media/nfs/partage/Design/ProjetsEnCours/TACHYSSEMA/Extension/Ext09_Ext10/FW/Ext10/GenVideo/VHDL/Forth120719/VHDL/Rx.vhd -lib work /media/nfs/partage/Design/ProjetsEnCours/TACHYSSEMA/Extension/Ext09_Ext10/FW/Ext10/GenVideo/VHDL/Forth120719/VHDL/Tx.vhd -lib work /media/nfs/partage/Design/ProjetsEnCours/TACHYSSEMA/Extension/Ext09_Ext10/FW/Ext10/GenVideo/VHDL/Forth120719/VHDL/UartTss.vhd -lib work /media/nfs/partage/Design/ProjetsEnCours/TACHYSSEMA/Extension/Ext09_Ext10/FW/Ext10/GenVideo/VHDL/SeqBlk1204.vhd -lib work /media/nfs/partage/Design/ProjetsEnCours/TACHYSSEMA/Extension/Ext09_Ext10/FW/Ext10/GenVideo/IpxLpc/Pll125to100x50.vhd -lib work /media/nfs/partage/Design/ProjetsEnCours/TACHYSSEMA/Extension/Ext09_Ext10/FW/Ext10/GenVideo/VHDL/Dvi410/Dvi410Cnt.vhd -lib work /media/nfs/partage/Design/ProjetsEnCours/TACHYSSEMA/Extension/Ext09_Ext10/FW/Ext10/GenVideo/VHDL/Dvi410/Dvi410Conf.vhd -lib work /media/nfs/partage/Design/ProjetsEnCours/TACHYSSEMA/Extension/Ext09_Ext10/FW/Ext10/GenVideo/VHDL/Dvi410/Dvi410Main.vhd -lib work "/media/nfs/partage/Design/ProjetsEnCours/TACHYSSEMA/Extension/Ext09_Ext10/FW/Ext10/GenVideo/VHDL/Dvi410/Dv i410Request.vhd" -lib work /media/nfs/partage/Design/ProjetsEnCours/TACHYSSEMA/Extension/Ext09_Ext10/FW/Ext10/GenVideo/VHDL/Dvi410/Dvi410Sync.vhd -lib work /media/nfs/partage/Design/ProjetsEnCours/TACHYSSEMA/Extension/Ext09_Ext10/FW/Ext10/GenVideo/VHDL/Dvi410/Dvi410Timing.vhd -loga  /media/nfs/partage/Design/ProjetsEnCours/TACHYSSEMA/Extension/Ext09_Ext10/FW/Ext10/GenVideo/Diamond1.4/A/Ext10GenDvi_A.srf  -fileorder /media/nfs/partage/Design/ProjetsEnCours/TACHYSSEMA/Extension/Ext09_Ext10/FW/Ext10/GenVideo/Diamond1.4/A/syntmp/hdlorder.tcl 
rc:0 success:1
/media/nfs/partage/Design/ProjetsEnCours/TACHYSSEMA/Extension/Ext09_Ext10/FW/Ext10/GenVideo/Diamond1.4/A/synwork/Ext10GenDvi_A_hdl_info_gen.srs|o|0|0
/usr/local/diamond/1.4/cae_library/synthesis/vhdl/xp2.vhd|i|1324126205|150376
/media/nfs/partage/Design/ProjetsEnCours/TACHYSSEMA/Extension/Ext09_Ext10/FW/Ext10/GenVideo/VHDL/TestVideoTop.vhd|i|1343035476|9177
/media/nfs/partage/Design/ProjetsEnCours/TACHYSSEMA/Extension/Ext09_Ext10/FW/Ext10/GenVideo/VHDL/I2cMasterCommands.vhd|i|1343718217|9307
/media/nfs/partage/Design/ProjetsEnCours/TACHYSSEMA/Extension/Ext09_Ext10/FW/Ext10/GenVideo/VHDL/I2CMasterDevice.vhd|i|1343718215|6234
/media/nfs/partage/Design/ProjetsEnCours/TACHYSSEMA/Extension/Ext09_Ext10/FW/Ext10/GenVideo/VHDL/Forth120719/VHDL/ep32Tss.vhd|i|1337075648|14417
/media/nfs/partage/Design/ProjetsEnCours/TACHYSSEMA/Extension/Ext09_Ext10/FW/Ext10/GenVideo/VHDL/Forth120719/VHDL/Forth.vhd|i|1342711319|9055
/media/nfs/partage/Design/ProjetsEnCours/TACHYSSEMA/Extension/Ext09_Ext10/FW/Ext10/GenVideo/VHDL/Forth120719/VHDL/Rx.vhd|i|1337447138|4293
/media/nfs/partage/Design/ProjetsEnCours/TACHYSSEMA/Extension/Ext09_Ext10/FW/Ext10/GenVideo/VHDL/Forth120719/VHDL/Tx.vhd|i|1339397586|3394
/media/nfs/partage/Design/ProjetsEnCours/TACHYSSEMA/Extension/Ext09_Ext10/FW/Ext10/GenVideo/VHDL/Forth120719/VHDL/UartTss.vhd|i|1337447457|2279
/media/nfs/partage/Design/ProjetsEnCours/TACHYSSEMA/Extension/Ext09_Ext10/FW/Ext10/GenVideo/VHDL/SeqBlk1204.vhd|i|1327402693|7074
/media/nfs/partage/Design/ProjetsEnCours/TACHYSSEMA/Extension/Ext09_Ext10/FW/Ext10/GenVideo/IpxLpc/Pll125to100x50.vhd|i|1342894248|4582
/media/nfs/partage/Design/ProjetsEnCours/TACHYSSEMA/Extension/Ext09_Ext10/FW/Ext10/GenVideo/VHDL/Dvi410/Dvi410Cnt.vhd|i|1342894554|1111
/media/nfs/partage/Design/ProjetsEnCours/TACHYSSEMA/Extension/Ext09_Ext10/FW/Ext10/GenVideo/VHDL/Dvi410/Dvi410Conf.vhd|i|1342894563|27391
/media/nfs/partage/Design/ProjetsEnCours/TACHYSSEMA/Extension/Ext09_Ext10/FW/Ext10/GenVideo/VHDL/Dvi410/Dvi410Main.vhd|i|1342894473|5624
"/media/nfs/partage/Design/ProjetsEnCours/TACHYSSEMA/Extension/Ext09_Ext10/FW/Ext10/GenVideo/VHDL/Dvi410/Dv|i|0|0
i410Request.vhd"|i|0|0
/media/nfs/partage/Design/ProjetsEnCours/TACHYSSEMA/Extension/Ext09_Ext10/FW/Ext10/GenVideo/VHDL/Dvi410/Dvi410Sync.vhd|i|1342894586|1598
/media/nfs/partage/Design/ProjetsEnCours/TACHYSSEMA/Extension/Ext09_Ext10/FW/Ext10/GenVideo/VHDL/Dvi410/Dvi410Timing.vhd|i|1342894584|1103
/media/nfs/partage/Design/ProjetsEnCours/TACHYSSEMA/Extension/Ext09_Ext10/FW/Ext10/GenVideo/Diamond1.4/A/Ext10GenDvi_A.srf|o|1343718409|1357
/usr/local/diamond/1.4/synpbase/bin/c_vhdl|i|1324126278|365
/usr/local/diamond/1.4/synpbase/linux/c_vhdl|i|1324126279|5186788
