Resource Usage Report
Part: lfe3_70e-8

Register bits: 581 of 62640 (1%)
PIC Latch:       0
I/O cells:       62

Details:
BB:             1
CCU2C:          149
DPR16X4C:       42
FD1P3AX:        97
FD1P3IX:        157
FD1P3JX:        2
FD1S3AX:        62
FD1S3DX:        33
FD1S3IX:        199
FD1S3JX:        21
GSR:            1
IB:             30
IFS1P3DX:       5
INV:            5
L6MUX21:        4
OB:             31
OFS1P3DX:       3
OFS1P3JX:       2
ORCALUT4:       1642
PFUMX:          205
PUR:            1
VHI:            9
VLO:            10
